0 info it worked if it ends with ok
1 verbose cli [ '/usr/bin/nodejs',
1 verbose cli   '/usr/bin/npm',
1 verbose cli   'install',
1 verbose cli   'express',
1 verbose cli   'dotenv',
1 verbose cli   'cookie',
1 verbose cli   'nonce',
1 verbose cli   'request',
1 verbose cli   'request-promise',
1 verbose cli   '--save' ]
2 info using npm@1.3.10
3 info using node@v0.10.25
4 warn package.json node-v8.11.3-linux-x64@0.0.0 No repository field.
5 verbose readDependencies using package.json deps
6 verbose cache add [ 'express', null ]
7 verbose cache add name=undefined spec="express" args=["express",null]
8 verbose parsed url { protocol: null,
8 verbose parsed url   slashes: null,
8 verbose parsed url   auth: null,
8 verbose parsed url   host: null,
8 verbose parsed url   port: null,
8 verbose parsed url   hostname: null,
8 verbose parsed url   hash: null,
8 verbose parsed url   search: null,
8 verbose parsed url   query: null,
8 verbose parsed url   pathname: 'express',
8 verbose parsed url   path: 'express',
8 verbose parsed url   href: 'express' }
9 verbose cache add [ 'dotenv', null ]
10 verbose cache add name=undefined spec="dotenv" args=["dotenv",null]
11 verbose parsed url { protocol: null,
11 verbose parsed url   slashes: null,
11 verbose parsed url   auth: null,
11 verbose parsed url   host: null,
11 verbose parsed url   port: null,
11 verbose parsed url   hostname: null,
11 verbose parsed url   hash: null,
11 verbose parsed url   search: null,
11 verbose parsed url   query: null,
11 verbose parsed url   pathname: 'dotenv',
11 verbose parsed url   path: 'dotenv',
11 verbose parsed url   href: 'dotenv' }
12 verbose cache add [ 'cookie', null ]
13 verbose cache add name=undefined spec="cookie" args=["cookie",null]
14 verbose parsed url { protocol: null,
14 verbose parsed url   slashes: null,
14 verbose parsed url   auth: null,
14 verbose parsed url   host: null,
14 verbose parsed url   port: null,
14 verbose parsed url   hostname: null,
14 verbose parsed url   hash: null,
14 verbose parsed url   search: null,
14 verbose parsed url   query: null,
14 verbose parsed url   pathname: 'cookie',
14 verbose parsed url   path: 'cookie',
14 verbose parsed url   href: 'cookie' }
15 verbose cache add [ 'nonce', null ]
16 verbose cache add name=undefined spec="nonce" args=["nonce",null]
17 verbose parsed url { protocol: null,
17 verbose parsed url   slashes: null,
17 verbose parsed url   auth: null,
17 verbose parsed url   host: null,
17 verbose parsed url   port: null,
17 verbose parsed url   hostname: null,
17 verbose parsed url   hash: null,
17 verbose parsed url   search: null,
17 verbose parsed url   query: null,
17 verbose parsed url   pathname: 'nonce',
17 verbose parsed url   path: 'nonce',
17 verbose parsed url   href: 'nonce' }
18 verbose cache add [ 'request', null ]
19 verbose cache add name=undefined spec="request" args=["request",null]
20 verbose parsed url { protocol: null,
20 verbose parsed url   slashes: null,
20 verbose parsed url   auth: null,
20 verbose parsed url   host: null,
20 verbose parsed url   port: null,
20 verbose parsed url   hostname: null,
20 verbose parsed url   hash: null,
20 verbose parsed url   search: null,
20 verbose parsed url   query: null,
20 verbose parsed url   pathname: 'request',
20 verbose parsed url   path: 'request',
20 verbose parsed url   href: 'request' }
21 verbose cache add [ 'request-promise', null ]
22 verbose cache add name=undefined spec="request-promise" args=["request-promise",null]
23 verbose parsed url { protocol: null,
23 verbose parsed url   slashes: null,
23 verbose parsed url   auth: null,
23 verbose parsed url   host: null,
23 verbose parsed url   port: null,
23 verbose parsed url   hostname: null,
23 verbose parsed url   hash: null,
23 verbose parsed url   search: null,
23 verbose parsed url   query: null,
23 verbose parsed url   pathname: 'request-promise',
23 verbose parsed url   path: 'request-promise',
23 verbose parsed url   href: 'request-promise' }
24 silly lockFile f3c62de4-express express
25 verbose lock express /home/ip-d/.npm/f3c62de4-express.lock
26 silly lockFile 4de95cba-dotenv dotenv
27 verbose lock dotenv /home/ip-d/.npm/4de95cba-dotenv.lock
28 silly lockFile 59c826fc-cookie cookie
29 verbose lock cookie /home/ip-d/.npm/59c826fc-cookie.lock
30 silly lockFile 49afa7eb-nonce nonce
31 verbose lock nonce /home/ip-d/.npm/49afa7eb-nonce.lock
32 silly lockFile 088e29b0-request request
33 verbose lock request /home/ip-d/.npm/088e29b0-request.lock
34 silly lockFile a4bda3ad-request-promise request-promise
35 verbose lock request-promise /home/ip-d/.npm/a4bda3ad-request-promise.lock
36 silly lockFile f3c62de4-express express
37 silly lockFile f3c62de4-express express
38 silly lockFile 4de95cba-dotenv dotenv
39 silly lockFile 4de95cba-dotenv dotenv
40 silly lockFile 59c826fc-cookie cookie
41 silly lockFile 59c826fc-cookie cookie
42 silly lockFile 49afa7eb-nonce nonce
43 silly lockFile 49afa7eb-nonce nonce
44 silly lockFile 088e29b0-request request
45 silly lockFile 088e29b0-request request
46 silly lockFile a4bda3ad-request-promise request-promise
47 silly lockFile a4bda3ad-request-promise request-promise
48 verbose addNamed [ 'express', '' ]
49 verbose addNamed [ null, '*' ]
50 silly lockFile 64a534c1-express express@
51 verbose lock express@ /home/ip-d/.npm/64a534c1-express.lock
52 verbose addNamed [ 'dotenv', '' ]
53 verbose addNamed [ null, '*' ]
54 silly lockFile 5104247f-dotenv dotenv@
55 verbose lock dotenv@ /home/ip-d/.npm/5104247f-dotenv.lock
56 verbose addNamed [ 'cookie', '' ]
57 verbose addNamed [ null, '*' ]
58 silly lockFile f165f80d-cookie cookie@
59 verbose lock cookie@ /home/ip-d/.npm/f165f80d-cookie.lock
60 verbose addNamed [ 'nonce', '' ]
61 verbose addNamed [ null, '*' ]
62 silly lockFile dd79ca29-nonce nonce@
63 verbose lock nonce@ /home/ip-d/.npm/dd79ca29-nonce.lock
64 verbose addNamed [ 'request', '' ]
65 verbose addNamed [ null, '*' ]
66 silly lockFile 9d461bcf-request request@
67 verbose lock request@ /home/ip-d/.npm/9d461bcf-request.lock
68 verbose addNamed [ 'request-promise', '' ]
69 verbose addNamed [ null, '*' ]
70 silly lockFile 2d410d33-request-promise request-promise@
71 verbose lock request-promise@ /home/ip-d/.npm/2d410d33-request-promise.lock
72 silly addNameRange { name: 'express', range: '*', hasData: false }
73 silly addNameRange { name: 'dotenv', range: '*', hasData: false }
74 silly addNameRange { name: 'cookie', range: '*', hasData: false }
75 silly addNameRange { name: 'nonce', range: '*', hasData: false }
76 silly addNameRange { name: 'request', range: '*', hasData: false }
77 silly addNameRange { name: 'request-promise', range: '*', hasData: false }
78 verbose url raw express
79 verbose url resolving [ 'https://registry.npmjs.org/', './express' ]
80 verbose url resolved https://registry.npmjs.org/express
81 info trying registry request attempt 1 at 17:49:45
82 http GET https://registry.npmjs.org/express
83 verbose url raw dotenv
84 verbose url resolving [ 'https://registry.npmjs.org/', './dotenv' ]
85 verbose url resolved https://registry.npmjs.org/dotenv
86 info trying registry request attempt 1 at 17:49:45
87 http GET https://registry.npmjs.org/dotenv
88 verbose url raw cookie
89 verbose url resolving [ 'https://registry.npmjs.org/', './cookie' ]
90 verbose url resolved https://registry.npmjs.org/cookie
91 info trying registry request attempt 1 at 17:49:45
92 http GET https://registry.npmjs.org/cookie
93 verbose url raw nonce
94 verbose url resolving [ 'https://registry.npmjs.org/', './nonce' ]
95 verbose url resolved https://registry.npmjs.org/nonce
96 info trying registry request attempt 1 at 17:49:45
97 http GET https://registry.npmjs.org/nonce
98 verbose url raw request
99 verbose url resolving [ 'https://registry.npmjs.org/', './request' ]
100 verbose url resolved https://registry.npmjs.org/request
101 info trying registry request attempt 1 at 17:49:45
102 http GET https://registry.npmjs.org/request
103 verbose url raw request-promise
104 verbose url resolving [ 'https://registry.npmjs.org/', './request-promise' ]
105 verbose url resolved https://registry.npmjs.org/request-promise
106 info trying registry request attempt 1 at 17:49:45
107 http GET https://registry.npmjs.org/request-promise
108 info retry will retry, error on last attempt: Error: CERT_UNTRUSTED
109 info retry will retry, error on last attempt: Error: CERT_UNTRUSTED
110 info retry will retry, error on last attempt: Error: CERT_UNTRUSTED
111 info retry will retry, error on last attempt: Error: CERT_UNTRUSTED
112 info retry will retry, error on last attempt: Error: CERT_UNTRUSTED
113 info retry will retry, error on last attempt: Error: CERT_UNTRUSTED
114 info trying registry request attempt 2 at 17:49:55
115 http GET https://registry.npmjs.org/express
116 info trying registry request attempt 2 at 17:49:55
117 http GET https://registry.npmjs.org/dotenv
118 info trying registry request attempt 2 at 17:49:55
119 http GET https://registry.npmjs.org/cookie
120 info trying registry request attempt 2 at 17:49:55
121 http GET https://registry.npmjs.org/nonce
122 info trying registry request attempt 2 at 17:49:55
123 http GET https://registry.npmjs.org/request
124 info trying registry request attempt 2 at 17:49:55
125 http GET https://registry.npmjs.org/request-promise
126 info retry will retry, error on last attempt: Error: CERT_UNTRUSTED
127 info retry will retry, error on last attempt: Error: CERT_UNTRUSTED
128 info retry will retry, error on last attempt: Error: CERT_UNTRUSTED
129 info retry will retry, error on last attempt: Error: CERT_UNTRUSTED
130 info retry will retry, error on last attempt: Error: CERT_UNTRUSTED
131 info retry will retry, error on last attempt: Error: CERT_UNTRUSTED
132 info trying registry request attempt 3 at 17:50:55
133 http GET https://registry.npmjs.org/express
134 info trying registry request attempt 3 at 17:50:55
135 http GET https://registry.npmjs.org/nonce
136 info trying registry request attempt 3 at 17:50:55
137 http GET https://registry.npmjs.org/dotenv
138 info trying registry request attempt 3 at 17:50:55
139 http GET https://registry.npmjs.org/request
140 info trying registry request attempt 3 at 17:50:55
141 http GET https://registry.npmjs.org/request-promise
142 silly lockFile dd79ca29-nonce nonce@
143 silly lockFile dd79ca29-nonce nonce@
144 error Error: CERT_UNTRUSTED
144 error     at SecurePair.<anonymous> (tls.js:1370:32)
144 error     at SecurePair.EventEmitter.emit (events.js:92:17)
144 error     at SecurePair.maybeInitFinished (tls.js:982:10)
144 error     at CleartextStream.read [as _read] (tls.js:469:13)
144 error     at CleartextStream.Readable.read (_stream_readable.js:320:10)
144 error     at EncryptedStream.write [as _write] (tls.js:366:25)
144 error     at doWrite (_stream_writable.js:223:10)
144 error     at writeOrBuffer (_stream_writable.js:213:5)
144 error     at EncryptedStream.Writable.write (_stream_writable.js:180:11)
144 error     at write (_stream_readable.js:583:24)
144 error     at flow (_stream_readable.js:592:7)
144 error     at Socket.pipeOnReadable (_stream_readable.js:624:5)
145 error If you need help, you may report this log at:
145 error     <http://github.com/isaacs/npm/issues>
145 error or email it to:
145 error     <npm-@googlegroups.com>
146 error System Linux 3.13.0-24-generic
147 error command "/usr/bin/nodejs" "/usr/bin/npm" "install" "express" "dotenv" "cookie" "nonce" "request" "request-promise" "--save"
148 error cwd /var/www/html/kamini/node-v8.11.3-linux-x64
149 error node -v v0.10.25
150 error npm -v 1.3.10
151 verbose exit [ 1, true ]
